-------------------------------------------------------------------------------
Test set: TestSuite
-------------------------------------------------------------------------------
Tests run: 8, Failures: 7, Errors: 0, Skipped: 0, Time elapsed: 192.528 s <<< FAILURE! - in TestSuite
craeteAccount(positiveTC.CreateAnAccount)  Time elapsed: 16.048 s  <<< FAILURE!
java.lang.AssertionError: We weren’t able to sign you up because there’s already an existing account for this email address. If you’ve forgotten your password, we’ll help to reset it expected [true] but found [false]
	at positiveTC.CreateAnAccount.craeteAccount(CreateAnAccount.java:56)

multyCity(positiveTC.FlightOnlyMultiCity)  Time elapsed: 7.039 s  <<< FAILURE!
java.io.FileNotFoundException: /Users/nonna/Desktop/test_framework/src/main/resources/DataProviderExcel.xlsx (No such file or directory)
	at positiveTC.FlightOnlyMultiCity.multyCity(FlightOnlyMultiCity.java:39)

flightOnlyRoundtrip(positiveTC.FlightOnlyRoundtrip)  Time elapsed: 7.421 s  <<< FAILURE!
java.io.FileNotFoundException: /Users/nonna/Desktop/test_framework/src/main/resources/DataProviderExcel.xlsx (No such file or directory)
	at positiveTC.FlightOnlyRoundtrip.flightOnlyRoundtrip(FlightOnlyRoundtrip.java:37)

flightOneWay(positiveTC.FlightOnlyOneWay)  Time elapsed: 4.345 s  <<< FAILURE!
java.io.FileNotFoundException: /Users/nonna/Desktop/test_framework/src/main/resources/DataProviderExcel.xlsx (No such file or directory)
	at positiveTC.FlightOnlyOneWay.flightOneWay(FlightOnlyOneWay.java:37)

logIn(positiveTC.Login)  Time elapsed: 4.761 s  <<< FAILURE!
org.openqa.selenium.ElementNotVisibleException: 
element not visible
  (Session info: chrome=71.0.3578.98)
  (Driver info: chromedriver=2.40.565386 (45a059dc425e08165f9a10324bd1380cc13ca363),platform=Mac OS X 10.13.6 x86_64) (WARNING: The server did not provide any stacktrace information)
Command duration or timeout: 0 milliseconds
Build info: version: '3.13.0', revision: '2f0d292', time: '2018-06-25T15:24:21.231Z'
System info: host: 'Nonnas-MBP.domain', ip: '192.168.0.52', os.name: 'Mac OS X', os.arch: 'x86_64', os.version: '10.13.6', java.version: '11.0.1'
Driver info: org.openqa.selenium.chrome.ChromeDriver
Capabilities {acceptInsecureCerts: false, acceptSslCerts: false, applicationCacheEnabled: false, browserConnectionEnabled: false, browserName: chrome, chrome: {chromedriverVersion: 2.40.565386 (45a059dc425e08..., userDataDir: /var/folders/mq/n3z2lwc5485...}, cssSelectorsEnabled: true, databaseEnabled: false, handlesAlerts: true, hasTouchScreen: false, javascriptEnabled: true, locationContextEnabled: true, mobileEmulationEnabled: false, nativeEvents: true, networkConnectionEnabled: false, pageLoadStrategy: normal, platform: MAC, platformName: MAC, rotatable: false, setWindowRect: true, takesHeapSnapshot: true, takesScreenshot: true, unexpectedAlertBehaviour: , unhandledPromptBehavior: , version: 71.0.3578.98, webStorageEnabled: true}
Session ID: 640eb301bcad5036cd53765efab917c0
	at positiveTC.Login.logIn(Login.java:52)

flightHotel(positiveTC.FlightHotel)  Time elapsed: 8.423 s  <<< FAILURE!
java.io.FileNotFoundException: /Users/nonna/Desktop/test_framework/src/main/resources/DataProviderExcel.xlsx (No such file or directory)
	at positiveTC.FlightHotel.flightHotel(FlightHotel.java:37)

thingsToDo(positiveTC.ThingsToDo)  Time elapsed: 3.996 s  <<< FAILURE!
java.io.FileNotFoundException: /Users/nonna/Desktop/test_framework/src/main/resources/DataProviderExcel.xlsx (No such file or directory)
	at positiveTC.ThingsToDo.thingsToDo(ThingsToDo.java:37)

