<?xml version="1.0" encoding="UTF-8"?>
<testsuite xmlns:xsi="http://www.w3.org/2001/XMLSchema-instance" xsi:noNamespaceSchemaLocation="https://maven.apache.org/surefire/maven-surefire-plugin/xsd/surefire-test-report.xsd" name="TestSuite" time="338.771" tests="8" errors="0" skipped="0" failures="2">
  <properties>
[...]
</properties>
  <testcase name="craeteAccount" classname="positiveTC.CreateAnAccount" time="22.813">
    <failure message="We weren’t able to sign you up because there’s already an existing account for this email address. If you’ve forgotten your password, we’ll help to reset it expected [true] but found [false]" type="java.lang.AssertionError">java.lang.AssertionError: We weren’t able to sign you up because there’s already an existing account for this email address. If you’ve forgotten your password, we’ll help to reset it expected [true] but found [false]
	at positiveTC.CreateAnAccount.craeteAccount(CreateAnAccount.java:56)
</failure>
    <system-out><![CDATA[positiveTC.CreateAnAccount@2ee83775
]]></system-out>
    <system-err><![CDATA[Starting ChromeDriver 2.40.565386 (45a059dc425e08165f9a10324bd1380cc13ca363) on port 42426
Only local connections are allowed.
Aug 14, 2018 12:29:11 PM org.openqa.selenium.remote.ProtocolHandshake createSession
INFO: Detected dialect: OSS
log4j:WARN No appenders could be found for logger (io.qameta.allure.AllureLifecycle).
log4j:WARN Please initialize the log4j system properly.
log4j:WARN See http://logging.apache.org/log4j/1.2/faq.html#noconfig for more info.
]]></system-err>
  </testcase>
  <testcase name="multyCity" classname="positiveTC.FlightOnlyMultiCity" time="20.439"/>
  <testcase name="flightOnlyRoundtrip" classname="positiveTC.FlightOnlyRoundtrip" time="13.835"/>
  <testcase name="flightOneWay" classname="positiveTC.FlightOnlyOneWay" time="10.415"/>
  <testcase name="logIn" classname="positiveTC.Login" time="30.295">
    <failure message="expected [true] but found [false]" type="java.lang.AssertionError">java.lang.AssertionError: expected [true] but found [false]
	at positiveTC.Login.logIn(Login.java:60)
</failure>
    <system-out><![CDATA[positiveTC.Login@7c1447b5
]]></system-out>
    <system-err><![CDATA[Starting ChromeDriver 2.40.565386 (45a059dc425e08165f9a10324bd1380cc13ca363) on port 33839
Only local connections are allowed.
Aug 14, 2018 12:32:08 PM org.openqa.selenium.remote.ProtocolHandshake createSession
INFO: Detected dialect: OSS
]]></system-err>
  </testcase>
  <testcase name="flightHotel" classname="positiveTC.FlightHotel" time="19.056"/>
  <testcase name="thingsToDo" classname="positiveTC.ThingsToDo" time="7.135"/>
  <testcase name="footer" classname="positiveTC.Footer" time="30.847"/>
</testsuite>