<?xml version="1.0" encoding="UTF-8"?>
<!-- Generated by org.testng.reporters.JUnitXMLReporter -->
<testsuite ignored="0" hostname="Nonnas-MBP.domain" failures="1" tests="1" name="FlightOnlyMultiCity Test" time="11.813" errors="0" timestamp="16 Jan 2019 23:29:20 GMT">
  <testcase classname="positiveTC.FlightOnlyMultiCity" name="multyCity" time="6.402">
    <failure type="java.io.FileNotFoundException" message="/Users/nonna/Desktop/test_framework/src/main/resources/DataProviderExcel.xlsx (No such file or directory)">
      <![CDATA[java.io.FileNotFoundException: /Users/nonna/Desktop/test_framework/src/main/resources/DataProviderExcel.xlsx (No such file or directory)
	at java.base/java.io.FileInputStream.open0(Native Method)
	at java.base/java.io.FileInputStream.open(FileInputStream.java:219)
	at java.base/java.io.FileInputStream.<init>(FileInputStream.java:157)
	at java.base/java.io.FileInputStream.<init>(FileInputStream.java:112)
	at myPatterns.ExcelDataProvider.getExceldata(ExcelDataProvider.java:22)
	at positiveTC.FlightOnlyMultiCity.multyCity(FlightOnlyMultiCity.java:39)
... Removed 28 stack frames]]>
    </failure>
  </testcase> <!-- multyCity -->
</testsuite> <!-- FlightOnlyMultiCity Test -->
