<?xml version="1.0" encoding="UTF-8"?>
<!-- Generated by org.testng.reporters.JUnitXMLReporter -->
<testsuite ignored="0" hostname="Nonnas-MBP.domain" failures="1" tests="1" name="FlightOnlyOneWay Test" time="8.381" errors="0" timestamp="16 Jan 2019 23:29:39 GMT">
  <testcase classname="positiveTC.FlightOnlyOneWay" name="flightOneWay" time="3.68">
    <failure type="java.io.FileNotFoundException" message="/Users/nonna/Desktop/test_framework/src/main/resources/DataProviderExcel.xlsx (No such file or directory)">
      <![CDATA[java.io.FileNotFoundException: /Users/nonna/Desktop/test_framework/src/main/resources/DataProviderExcel.xlsx (No such file or directory)
	at java.base/java.io.FileInputStream.open0(Native Method)
	at java.base/java.io.FileInputStream.open(FileInputStream.java:219)
	at java.base/java.io.FileInputStream.<init>(FileInputStream.java:157)
	at java.base/java.io.FileInputStream.<init>(FileInputStream.java:112)
	at myPatterns.ExcelDataProvider.getExceldata(ExcelDataProvider.java:22)
	at positiveTC.FlightOnlyOneWay.flightOneWay(FlightOnlyOneWay.java:37)
... Removed 28 stack frames]]>
    </failure>
  </testcase> <!-- flightOneWay -->
</testsuite> <!-- FlightOnlyOneWay Test -->
