<?xml version="1.0" encoding="UTF-8"?>
<!-- Generated by org.testng.reporters.JUnitXMLReporter -->
<testsuite ignored="0" hostname="Nonnas-MBP.domain" failures="1" tests="1" name="Login Test" time="35.878" errors="0" timestamp="14 Aug 2018 19:32:41 GMT">
  <testcase classname="positiveTC.Login" name="logIn" time="29.306">
    <failure type="java.lang.AssertionError" message="expected [true] but found [false]">
      <![CDATA[java.lang.AssertionError: expected [true] but found [false]
	at positiveTC.Login.logIn(Login.java:60)
... Removed 32 stack frames]]>
    </failure>
  </testcase> <!-- logIn -->
</testsuite> <!-- Login Test -->
